<?xml version="1.0" encoding="UTF-8"?>
<!-- Generated by org.testng.reporters.JUnitXMLReporter -->
<testsuite ignored="0" hostname="MUM-LAP-409" failures="1" tests="2" name="Test1" time="2.958" errors="0" timestamp="01 Jun 2019 19:03:54 GMT">
  <testcase classname="RadioTests.Radio1" name="ConnectRadioTest" time="1.669"/>
  <testcase classname="RadioTests.Radio1" name="DisConnectRadioTest" time="1.157">
    <failure type="java.lang.AssertionError" message="null">
      <![CDATA[java.lang.AssertionError: null
at RadioTests.Radio1.DisConnectRadioTest(Radio1.java:48)
... Removed 27 stack frames]]>
    </failure>
  </testcase> <!-- DisConnectRadioTest -->
</testsuite> <!-- Test1 -->
