<?xml version="1.0" encoding="UTF-8"?>
<testng-results ignored="0" total="4" passed="3" failed="1" skipped="0">
  <reporter-output>
  </reporter-output>
  <suite started-at="2019-06-01T19:03:51Z" name="Suite" finished-at="2019-06-01T19:03:55Z" duration-ms="3555">
    <groups>
    </groups>
    <test started-at="2019-06-01T19:03:51Z" name="Test1" finished-at="2019-06-01T19:03:54Z" duration-ms="2958">
      <class name="RadioTests.Radio1">
        <test-method signature="ConnectRadioTest()[pri:0, instance:RadioTests.Radio1@23348b5d]" started-at="2019-06-01T19:03:51Z" name="ConnectRadioTest" finished-at="2019-06-01T19:03:53Z" duration-ms="1669" status="PASS">
          <reporter-output>
          </reporter-output>
        </test-method> <!-- ConnectRadioTest -->
        <test-method signature="DisConnectRadioTest()[pri:0, instance:RadioTests.Radio1@23348b5d]" started-at="2019-06-01T19:03:53Z" name="DisConnectRadioTest" finished-at="2019-06-01T19:03:54Z" duration-ms="1157" status="FAIL">
          <exception class="java.lang.AssertionError">
            <message>
              <![CDATA[null]]>
            </message>
            <full-stacktrace>
              <![CDATA[java.lang.AssertionError: null
at org.testng.Assert.fail(Assert.java:96)
at org.testng.Assert.fail(Assert.java:103)
at RadioTests.Radio1.DisConnectRadioTest(Radio1.java:48)
at java.base/jdk.internal.reflect.NativeMethodAccessorImpl.invoke0(Native Method)
at java.base/jdk.internal.reflect.NativeMethodAccessorImpl.invoke(NativeMethodAccessorImpl.java:62)
at java.base/jdk.internal.reflect.DelegatingMethodAccessorImpl.invoke(DelegatingMethodAccessorImpl.java:43)
at java.base/java.lang.reflect.Method.invoke(Method.java:566)
at org.testng.internal.MethodInvocationHelper.invokeMethod(MethodInvocationHelper.java:124)
at org.testng.internal.Invoker.invokeMethod(Invoker.java:583)
at org.testng.internal.Invoker.invokeTestMethod(Invoker.java:719)
at org.testng.internal.Invoker.invokeTestMethods(Invoker.java:989)
at org.testng.internal.TestMethodWorker.invokeTestMethods(TestMethodWorker.java:125)
at org.testng.internal.TestMethodWorker.run(TestMethodWorker.java:109)
at org.testng.TestRunner.privateRun(TestRunner.java:648)
at org.testng.TestRunner.run(TestRunner.java:505)
at org.testng.SuiteRunner.runTest(SuiteRunner.java:455)
at org.testng.SuiteRunner.runSequentially(SuiteRunner.java:450)
at org.testng.SuiteRunner.privateRun(SuiteRunner.java:415)
at org.testng.SuiteRunner.run(SuiteRunner.java:364)
at org.testng.SuiteRunnerWorker.runSuite(SuiteRunnerWorker.java:52)
at org.testng.SuiteRunnerWorker.run(SuiteRunnerWorker.java:84)
at org.testng.TestNG.runSuitesSequentially(TestNG.java:1208)
at org.testng.TestNG.runSuitesLocally(TestNG.java:1137)
at org.testng.TestNG.runSuites(TestNG.java:1049)
at org.testng.TestNG.run(TestNG.java:1017)
at org.testng.remote.AbstractRemoteTestNG.run(AbstractRemoteTestNG.java:114)
at org.testng.remote.RemoteTestNG.initAndRun(RemoteTestNG.java:251)
at org.testng.remote.RemoteTestNG.main(RemoteTestNG.java:77)
]]>
            </full-stacktrace>
          </exception> <!-- java.lang.AssertionError -->
          <reporter-output>
          </reporter-output>
        </test-method> <!-- DisConnectRadioTest -->
      </class> <!-- RadioTests.Radio1 -->
    </test> <!-- Test1 -->
    <test started-at="2019-06-01T19:03:55Z" name="Test2" finished-at="2019-06-01T19:03:55Z" duration-ms="60">
      <class name="RadioTests.Radio2">
        <test-method signature="TransferRadioTest()[pri:0, instance:RadioTests.Radio2@1e178745]" started-at="2019-06-01T19:03:55Z" name="TransferRadioTest" finished-at="2019-06-01T19:03:55Z" duration-ms="10" status="PASS">
          <reporter-output>
          </reporter-output>
        </test-method> <!-- TransferRadioTest -->
      </class> <!-- RadioTests.Radio2 -->
    </test> <!-- Test2 -->
    <test started-at="2019-06-01T19:03:55Z" name="Test3" finished-at="2019-06-01T19:03:55Z" duration-ms="47">
      <class name="RadioTests.Radio3">
        <test-method signature="ConferenceRadioTest()[pri:0, instance:RadioTests.Radio3@5c671d7f]" started-at="2019-06-01T19:03:55Z" name="ConferenceRadioTest" finished-at="2019-06-01T19:03:55Z" duration-ms="27" status="PASS">
          <reporter-output>
          </reporter-output>
        </test-method> <!-- ConferenceRadioTest -->
      </class> <!-- RadioTests.Radio3 -->
    </test> <!-- Test3 -->
  </suite> <!-- Suite -->
</testng-results>
