<?xml version="1.0" encoding="UTF-8"?>
<testng-results ignored="0" total="1" passed="1" failed="0" skipped="0">
  <reporter-output>
  </reporter-output>
  <suite started-at="2019-06-01T20:16:25Z" name="Default suite" finished-at="2019-06-01T20:16:25Z" duration-ms="66">
    <groups>
    </groups>
    <test started-at="2019-06-01T20:16:25Z" name="Default test" finished-at="2019-06-01T20:16:25Z" duration-ms="66">
      <class name="RadioTests.Radio2">
        <test-method signature="TransferRadioTest()[pri:0, instance:RadioTests.Radio2@2df3b89c]" started-at="2019-06-01T20:16:25Z" name="TransferRadioTest" finished-at="2019-06-01T20:16:25Z" duration-ms="15" status="PASS">
          <reporter-output>
          </reporter-output>
        </test-method> <!-- TransferRadioTest -->
      </class> <!-- RadioTests.Radio2 -->
    </test> <!-- Default test -->
  </suite> <!-- Default suite -->
</testng-results>
